<?xml version="1.0" encoding="UTF-8"?>
<!-- Generated by org.testng.reporters.JUnitReportReporter -->
<testsuite skipped="0" hostname="MINTBLR0160Z1B" name="com.phptravels.qa.testcases.LoginPageTest" tests="3" failures="0" timestamp="31 Jul 2019 06:00:02 GMT" time="82.516" errors="0">
  <testcase name="loginTest" time="35.176" classname="com.phptravels.qa.testcases.LoginPageTest"/>
  <testcase name="loginPageTitleTest" time="19.829" classname="com.phptravels.qa.testcases.LoginPageTest"/>
  <testcase name="phpLogoImageTest" time="27.511" classname="com.phptravels.qa.testcases.LoginPageTest"/>
</testsuite> <!-- com.phptravels.qa.testcases.LoginPageTest -->
