<?xml version="1.0" encoding="UTF-8"?>
<!-- Generated by org.testng.reporters.JUnitReportReporter -->
<testsuite skipped="0" hostname="MINTBLR0160Z1B" name="com.crm.qa.testcases.HomePageTest" tests="3" failures="0" timestamp="31 Jul 2019 06:53:15 GMT" time="77.531" errors="0">
  <testcase name="verifyHomePageTitleTest" time="27.723" classname="com.crm.qa.testcases.HomePageTest"/>
  <testcase name="verifyUserNameTest" time="23.476" classname="com.crm.qa.testcases.HomePageTest"/>
  <testcase name="verifyContactsLinkTest" time="26.332" classname="com.crm.qa.testcases.HomePageTest"/>
</testsuite> <!-- com.crm.qa.testcases.HomePageTest -->
