<?xml version="1.0" encoding="UTF-8"?>
<!-- Generated by org.testng.reporters.JUnitReportReporter -->
<testsuite skipped="0" hostname="MINTBLR0160Z1B" name="com.crm.qa.testcases.LoginPageTest" tests="3" failures="0" timestamp="01 Aug 2019 06:45:02 GMT" time="57.729" errors="0">
  <testcase name="loginTest" time="23.081" classname="com.crm.qa.testcases.LoginPageTest"/>
  <testcase name="loginPageTitleTest" time="18.763" classname="com.crm.qa.testcases.LoginPageTest"/>
  <testcase name="phpLogoImageTest" time="15.885" classname="com.crm.qa.testcases.LoginPageTest"/>
</testsuite> <!-- com.crm.qa.testcases.LoginPageTest -->
