<?xml version="1.0" encoding="UTF-8"?>
<!-- Generated by org.testng.reporters.JUnitReportReporter -->
<testsuite skipped="0" hostname="MINTBLR0160Z1B"
	name="com.phptravels.qa.testcases.MyprofilePageTest" tests="1"
	failures="0" timestamp="30 Jul 2019 11:43:01 GMT" time="22.303"
	errors="0">
	<testcase name="verifyMyBookingTitles" time="22.303"
		classname="com.phptravels.qa.testcases.MyprofilePageTest" />
</testsuite> <!-- com.phptravels.qa.testcases.MyprofilePageTest -->
