<?xml version="1.0" encoding="UTF-8"?>
<!-- Generated by org.testng.reporters.JUnitReportReporter -->
<testsuite skipped="0" hostname="BikashMR" name="com.crm.qa.testcases.HomePageTest" tests="3" failures="0" timestamp="31 Jul 2019 15:22:25 GMT" time="59.245" errors="0">
  <testcase name="verifyHomePageTitleTest" time="21.556" classname="com.crm.qa.testcases.HomePageTest"/>
  <testcase name="verifyUserNameTest" time="17.460" classname="com.crm.qa.testcases.HomePageTest"/>
  <testcase name="verifyContactsLinkTest" time="20.229" classname="com.crm.qa.testcases.HomePageTest"/>
</testsuite> <!-- com.crm.qa.testcases.HomePageTest -->
