<?xml version="1.0" encoding="UTF-8"?>
<!-- Generated by org.testng.reporters.JUnitReportReporter -->
<testsuite skipped="0" hostname="MINTBLR0160Z1B"
	name="com.phptravels.qa.testcases.HomePageTest" tests="3" failures="0"
	timestamp="30 Jul 2019 11:43:01 GMT" time="57.673" errors="0">
	<testcase name="verifyMyProfileBtn" time="18.344"
		classname="com.phptravels.qa.testcases.HomePageTest" />
	<testcase name="verifyHomePageTitleTest" time="20.956"
		classname="com.phptravels.qa.testcases.HomePageTest" />
	<testcase name="verifyCorrectUserNameTest" time="18.373"
		classname="com.phptravels.qa.testcases.HomePageTest" />
</testsuite> <!-- com.phptravels.qa.testcases.HomePageTest -->
